c:\users\tanner\documents\visual studio 2017\projects\game\game\debug\vc141.pdb
c:\users\tanner\documents\visual studio 2017\projects\game\game\debug\vc141.idb
c:\users\tanner\documents\visual studio 2017\projects\game\game\debug\camera.obj
c:\users\tanner\documents\visual studio 2017\projects\game\game\debug\colorshader.obj
c:\users\tanner\documents\visual studio 2017\projects\game\game\debug\heart.obj
c:\users\tanner\documents\visual studio 2017\projects\game\game\debug\material.obj
c:\users\tanner\documents\visual studio 2017\projects\game\game\debug\mesh.obj
c:\users\tanner\documents\visual studio 2017\projects\game\game\debug\pulseshader.obj
c:\users\tanner\documents\visual studio 2017\projects\game\game\debug\quad.obj
c:\users\tanner\documents\visual studio 2017\projects\game\game\debug\shader.obj
c:\users\tanner\documents\visual studio 2017\projects\game\game\debug\stellar.obj
c:\users\tanner\documents\visual studio 2017\projects\game\game\debug\texture.obj
c:\users\tanner\documents\visual studio 2017\projects\game\game\debug\textureshader.obj
c:\users\tanner\documents\visual studio 2017\projects\game\game\debug\texturedquad.obj
c:\users\tanner\documents\visual studio 2017\projects\game\game\debug\triangle.obj
c:\users\tanner\documents\visual studio 2017\projects\game\game\debug\object.obj
c:\users\tanner\documents\visual studio 2017\projects\game\game\debug\objectbuilder.obj
c:\users\tanner\documents\visual studio 2017\projects\game\game\debug\scene.obj
c:\users\tanner\documents\visual studio 2017\projects\game\game\debug\main.obj
c:\users\tanner\documents\visual studio 2017\projects\game\game\debug\stb_image.obj
c:\users\tanner\documents\visual studio 2017\projects\game\debug\game.pdb
c:\users\tanner\documents\visual studio 2017\projects\game\game\debug\game.tlog\cl.command.1.tlog
c:\users\tanner\documents\visual studio 2017\projects\game\game\debug\game.tlog\cl.read.1.tlog
c:\users\tanner\documents\visual studio 2017\projects\game\game\debug\game.tlog\cl.write.1.tlog
c:\users\tanner\documents\visual studio 2017\projects\game\game\debug\game.tlog\link-cvtres.read.1.tlog
c:\users\tanner\documents\visual studio 2017\projects\game\game\debug\game.tlog\link-cvtres.write.1.tlog
c:\users\tanner\documents\visual studio 2017\projects\game\game\debug\game.tlog\link-rc.read.1.tlog
c:\users\tanner\documents\visual studio 2017\projects\game\game\debug\game.tlog\link-rc.write.1.tlog
c:\users\tanner\documents\visual studio 2017\projects\game\game\debug\game.tlog\link.command.1.tlog
c:\users\tanner\documents\visual studio 2017\projects\game\game\debug\game.tlog\link.read.1.tlog
c:\users\tanner\documents\visual studio 2017\projects\game\game\debug\game.tlog\link.write.1.tlog
